<?xml version="1.0" encoding="UTF-8"?>
<!-- Generated by org.testng.reporters.JUnitReportReporter -->
<testsuite hostname="Vicky-PC" failures="0" tests="1" name="com.appleTV.commonBaseTest.baseTest" time="48.829" errors="0" timestamp="2022-11-24T21:40:10 IST" skipped="0">
  <testcase classname="com.appleTV.commonBaseTest.baseTest" name="scenario" time="48.829"/>
  <system-out/>
</testsuite> <!-- com.appleTV.commonBaseTest.baseTest -->
